C:\Users\AMRoche\Documents\Visual Studio 2010\of_v0.7.4_vs2010_release\apps\myApps\hangoutBuilder\obj\Debug\cl.command.1.tlog
C:\Users\AMRoche\Documents\Visual Studio 2010\of_v0.7.4_vs2010_release\apps\myApps\hangoutBuilder\obj\Debug\CL.read.1.tlog
C:\Users\AMRoche\Documents\Visual Studio 2010\of_v0.7.4_vs2010_release\apps\myApps\hangoutBuilder\obj\Debug\CL.write.1.tlog
C:\Users\AMRoche\Documents\Visual Studio 2010\of_v0.7.4_vs2010_release\apps\myApps\hangoutBuilder\obj\Debug\hangoutBuilder.vcxprojResolveAssemblyReference.cache
C:\Users\AMRoche\Documents\Visual Studio 2010\of_v0.7.4_vs2010_release\apps\myApps\hangoutBuilder\obj\Debug\hangoutBuilder.write.1.tlog
C:\Users\AMRoche\Documents\Visual Studio 2010\of_v0.7.4_vs2010_release\apps\myApps\hangoutBuilder\obj\Debug\hangoutBuilder_debug.exe.embed.manifest
C:\USERS\AMROCHE\DOCUMENTS\VISUAL STUDIO 2010\OF_V0.7.4_VS2010_RELEASE\APPS\MYAPPS\HANGOUTBUILDER\OBJ\DEBUG\HANGOUTBUILDER_DEBUG.EXE.EMBED.MANIFEST.RES
C:\Users\AMRoche\Documents\Visual Studio 2010\of_v0.7.4_vs2010_release\apps\myApps\hangoutBuilder\obj\Debug\hangoutBuilder_debug.exe.intermediate.manifest
C:\Users\AMRoche\Documents\Visual Studio 2010\of_v0.7.4_vs2010_release\apps\myApps\hangoutBuilder\obj\Debug\hangoutBuilder_debug_manifest.rc
C:\Users\AMRoche\Documents\Visual Studio 2010\of_v0.7.4_vs2010_release\apps\myApps\hangoutBuilder\obj\Debug\link.command.1.tlog
C:\Users\AMRoche\Documents\Visual Studio 2010\of_v0.7.4_vs2010_release\apps\myApps\hangoutBuilder\obj\Debug\link.read.1.tlog
C:\Users\AMRoche\Documents\Visual Studio 2010\of_v0.7.4_vs2010_release\apps\myApps\hangoutBuilder\obj\Debug\link.write.1.tlog
C:\Users\AMRoche\Documents\Visual Studio 2010\of_v0.7.4_vs2010_release\apps\myApps\hangoutBuilder\obj\Debug\link-cvtres.read.1.tlog
C:\Users\AMRoche\Documents\Visual Studio 2010\of_v0.7.4_vs2010_release\apps\myApps\hangoutBuilder\obj\Debug\link-cvtres.write.1.tlog
C:\USERS\AMROCHE\DOCUMENTS\VISUAL STUDIO 2010\OF_V0.7.4_VS2010_RELEASE\APPS\MYAPPS\HANGOUTBUILDER\OBJ\DEBUG\MAIN.OBJ
C:\Users\AMRoche\Documents\Visual Studio 2010\of_v0.7.4_vs2010_release\apps\myApps\hangoutBuilder\obj\Debug\rc.command.1.tlog
C:\Users\AMRoche\Documents\Visual Studio 2010\of_v0.7.4_vs2010_release\apps\myApps\hangoutBuilder\obj\Debug\rc.read.1.tlog
C:\Users\AMRoche\Documents\Visual Studio 2010\of_v0.7.4_vs2010_release\apps\myApps\hangoutBuilder\obj\Debug\rc.write.1.tlog
C:\USERS\AMROCHE\DOCUMENTS\VISUAL STUDIO 2010\OF_V0.7.4_VS2010_RELEASE\APPS\MYAPPS\HANGOUTBUILDER\OBJ\DEBUG\TESTAPP.OBJ
C:\Users\AMRoche\Documents\Visual Studio 2010\of_v0.7.4_vs2010_release\apps\myApps\hangoutBuilder\obj\Debug\vc100.idb
C:\USERS\AMROCHE\DOCUMENTS\VISUAL STUDIO 2010\OF_V0.7.4_VS2010_RELEASE\APPS\MYAPPS\HANGOUTBUILDER\OBJ\DEBUG\VC100.PDB
